/home/yaelsn/.conda/envs/yael_env/lib/python3.10/site-packages/torch/cuda/__init__.py:287: UserWarning: 
NVIDIA RTX PRO 6000 Blackwell Max-Q Workstation Edition with CUDA capability sm_120 is not compatible with the current PyTorch installation.
The current PyTorch install supports CUDA capabilities sm_50 sm_60 sm_70 sm_75 sm_80 sm_86 sm_37 sm_90.
If you want to use the NVIDIA RTX PRO 6000 Blackwell Max-Q Workstation Edition GPU with PyTorch, please check the instructions at https://pytorch.org/get-started/locally/

  warnings.warn(
Traceback (most recent call last):
  File "/home/yaelsn/Thesis/tsfm_feature_selection_framework/run_experiment.py", line 305, in <module>
    main(args.config)
  File "/home/yaelsn/Thesis/tsfm_feature_selection_framework/run_experiment.py", line 179, in main
    Y_embs_by_layer[layer] = _extract_or_cache(extractor, Y_series, layer, cache_dir)
  File "/home/yaelsn/Thesis/tsfm_feature_selection_framework/run_experiment.py", line 96, in _extract_or_cache
    result = extractor.extract_windows(windows, layers=[layer])
  File "/home/yaelsn/Thesis/tsfm_feature_selection_framework/src/extraction/chronos_hooks.py", line 173, in extract_windows
    self._pipe.embed(tensors)
  File "/home/yaelsn/.conda/envs/yael_env/lib/python3.10/site-packages/torch/utils/_contextlib.py", line 116, in decorate_context
    return func(*args, **kwargs)
  File "/home/yaelsn/.conda/envs/yael_env/lib/python3.10/site-packages/chronos/chronos2/pipeline.py", line 1155, in embed
    encoder_outputs, (locs, scales), *_ = self.model.encode(
  File "/home/yaelsn/.conda/envs/yael_env/lib/python3.10/site-packages/chronos/chronos2/model.py", line 574, in encode
    patched_context, attention_mask, loc_scale = self._prepare_patched_context(
  File "/home/yaelsn/.conda/envs/yael_env/lib/python3.10/site-packages/chronos/chronos2/model.py", line 379, in _prepare_patched_context
    else torch.isnan(context).logical_not().to(context.dtype)
RuntimeError: CUDA error: no kernel image is available for execution on the device
CUDA kernel errors might be asynchronously reported at some other API call, so the stacktrace below might be incorrect.
For debugging consider passing CUDA_LAUNCH_BLOCKING=1
Compile with `TORCH_USE_CUDA_DSA` to enable device-side assertions.

