------------------------------------
Sat 23 May 2026 19:04:57 IDT
SLURM_JOBID:		17776405
SLURM_JOB_NODELIST:	ise-cpu256-03
SLURM_SCRATCH_DIR:	/scratch/yaelsn/17776405
Allocated Resouces:	cpu - 6 / mem - 61440 MB / gpu - 0
SLURM_GPU_INDEX:	0
Running as yaelsn from puzis account with normal QOS
------------------------------------
[Module 0] GPU: NVIDIA RTX 6000 Ada Generation
  saved outputs/EXP_metr_la_lag_1h_20260523_190509/used_config.yaml
[Module 0] Output directory: outputs/EXP_metr_la_lag_1h_20260523_190509

[Module 1] Loading METR-LA …
  Target sensor : 773869
  proxy_relevant df cols : [145, 142, 37, 54, 116]
  distractor     df cols : [203, 155, 18, 131, 87, 201, 144, 20, 43, 174]
  Windows created: 1000

[Module 2] Loading amazon/chronos-2 …
[ChronosEmbeddingExtractor] loaded amazon/chronos-2 on cuda, 12 layers, hooks on [6]
  Extracting target embeddings (layer 6) …
  Y_emb shape: (232, 11, 768)
  Extracted embeddings for 15 candidate sensors.

[Module 3] Scoring …
  Mean_Pooling / raw …
  Lagged_CKA / raw …
  Soft_DTW_g0.1 / raw …
  Soft_DTW_g1.0 / raw …
  Soft_DTW_g10.0 / raw …
  Mean_Pooling / whitened …
  Lagged_CKA / whitened …
  Soft_DTW_g0.1 / whitened …
  Soft_DTW_g1.0 / whitened …
  Soft_DTW_g10.0 / whitened …

[Module 4] Downstream evaluation …
  Univariate baseline …
  Geographic baseline …
  Mean_Pooling / raw …
  Lagged_CKA / raw …
  Soft_DTW_g0.1 / raw …
  Soft_DTW_g1.0 / raw …
  Soft_DTW_g10.0 / raw …
  Mean_Pooling / whitened …
  Lagged_CKA / whitened …
  Soft_DTW_g0.1 / whitened …
  Soft_DTW_g1.0 / whitened …
  Soft_DTW_g10.0 / whitened …

[Module 5] Saving results …
  saved outputs/EXP_metr_la_lag_1h_20260523_190509/results.csv
  saved outputs/EXP_metr_la_lag_1h_20260523_190509/plot_rmse.png
  saved outputs/EXP_metr_la_lag_1h_20260523_190509/plot_mrr.png
  saved outputs/EXP_metr_la_lag_1h_20260523_190509/plot_softdtw_sensitivity.png

Done. Results in: outputs/EXP_metr_la_lag_1h_20260523_190509
        method condition      RMSE       MAE  MRR
    Univariate       N/A 16.633300  9.124069  NaN
    Geographic       N/A 35.922459 26.905758  NaN
  Mean_Pooling       raw 29.450121 22.308983  6.0
    Lagged_CKA       raw 38.495337 30.028057  4.8
 Soft_DTW_g0.1       raw 43.567453 32.448425  6.2
 Soft_DTW_g1.0       raw 43.567453 32.448425  6.2
Soft_DTW_g10.0       raw 43.567453 32.448425  6.4
  Mean_Pooling  whitened 42.753381 32.958023  6.4
    Lagged_CKA  whitened 26.991949 21.988023  8.6
 Soft_DTW_g0.1  whitened 34.114408 25.264851  4.2
 Soft_DTW_g1.0  whitened 34.114408 25.264851  4.2
Soft_DTW_g10.0  whitened 34.114408 25.264851  4.2
