------------------------------------
Sun 24 May 2026 00:29:06 IDT
SLURM_JOBID:		17784424
SLURM_JOB_NODELIST:	ise-cpu256-21
SLURM_SCRATCH_DIR:	/scratch/yaelsn/17784424
Allocated Resouces:	cpu - 6 / mem - 61440 MB / gpu - 0
SLURM_GPU_INDEX:	0
Running as yaelsn from puzis account with normal QOS
------------------------------------
[Module 0] GPU: NVIDIA RTX 6000 Ada Generation
  saved outputs/EXP_metr_la_lag_2h_20260524_002914/used_config.yaml
[Module 0] Output directory: outputs/EXP_metr_la_lag_2h_20260524_002914

[Module 1] Loading METR-LA …
  Target sensor : 773869
  proxy_relevant df cols : [145, 142, 37, 54, 116]
  distractor     df cols : [203, 155, 18, 131, 87, 201, 144, 20, 43, 174]
  Windows created: 1000

[Module 2] Loading amazon/chronos-2 …
[ChronosEmbeddingExtractor] loaded amazon/chronos-2 on cuda, 12 layers, hooks on [6, 8, 10]
  Extracting target embeddings (layer 6) …
  Extracting target embeddings (layer 8) …
  Extracting target embeddings (layer 10) …
  Y_emb shape (first layer): (232, 11, 768)
  Extracted embeddings for 15 sensors × 3 layers.

[Module 3] Scoring …
  layer=6 / Mean_Pooling / raw …
  layer=6 / Lagged_CKA / raw …
  layer=6 / Soft_DTW_g1.0 / raw …
  layer=6 / Mean_Pooling / whitened …
  layer=6 / Lagged_CKA / whitened …
  layer=6 / Soft_DTW_g1.0 / whitened …
  layer=8 / Mean_Pooling / raw …
  layer=8 / Lagged_CKA / raw …
  layer=8 / Soft_DTW_g1.0 / raw …
  layer=8 / Mean_Pooling / whitened …
  layer=8 / Lagged_CKA / whitened …
  layer=8 / Soft_DTW_g1.0 / whitened …
  layer=10 / Mean_Pooling / raw …
  layer=10 / Lagged_CKA / raw …
  layer=10 / Soft_DTW_g1.0 / raw …
  layer=10 / Mean_Pooling / whitened …
  layer=10 / Lagged_CKA / whitened …
  layer=10 / Soft_DTW_g1.0 / whitened …

[Module 4] Downstream evaluation …
  Univariate baseline …
  Geographic baseline …
  layer=6 / Mean_Pooling / raw …
  layer=6 / Lagged_CKA / raw …
  layer=6 / Soft_DTW_g1.0 / raw …
  layer=6 / Mean_Pooling / whitened …
  layer=6 / Lagged_CKA / whitened …
  layer=6 / Soft_DTW_g1.0 / whitened …
  layer=8 / Mean_Pooling / raw …
  layer=8 / Lagged_CKA / raw …
  layer=8 / Soft_DTW_g1.0 / raw …
  layer=8 / Mean_Pooling / whitened …
  layer=8 / Lagged_CKA / whitened …
  layer=8 / Soft_DTW_g1.0 / whitened …
  layer=10 / Mean_Pooling / raw …
  layer=10 / Lagged_CKA / raw …
  layer=10 / Soft_DTW_g1.0 / raw …
  layer=10 / Mean_Pooling / whitened …
  layer=10 / Lagged_CKA / whitened …
  layer=10 / Soft_DTW_g1.0 / whitened …

[Module 5] Saving results …
  saved outputs/EXP_metr_la_lag_2h_20260524_002914/results.csv
  saved outputs/EXP_metr_la_lag_2h_20260524_002914/plot_rmse.png
  saved outputs/EXP_metr_la_lag_2h_20260524_002914/plot_mrr.png
  saved outputs/EXP_metr_la_lag_2h_20260524_002914/plot_layer_comparison.png
  saved outputs/EXP_metr_la_lag_2h_20260524_002914/plot_precision_vs_rmse.png

Done. Results in: outputs/EXP_metr_la_lag_2h_20260524_002914
       method condition layer      RMSE       MAE      MAPE         R2      MRR
   Univariate       N/A   N/A 12.700436  7.038203  9.473040 -22.014178      NaN
   Geographic       N/A   N/A 13.244676  9.516049 12.947163 -22.168720      NaN
 Mean_Pooling       raw     6 11.463303  7.024767  8.986690 -12.746734 0.376667
   Lagged_CKA       raw     6 12.432839  8.454263 11.229209 -17.155527 0.416667
Soft_DTW_g1.0       raw     6 11.657583  6.946430  8.605938 -11.950028 0.383566
 Mean_Pooling  whitened     6 12.460241  8.802929 11.567995 -19.564358 0.335623
   Lagged_CKA  whitened     6 12.912943  9.466748 12.517465 -23.936756 0.105226
Soft_DTW_g1.0  whitened     6 12.043308  7.539154  9.772579 -14.792414 0.433333
 Mean_Pooling       raw     8 11.463303  7.024767  8.986690 -12.746734 0.345556
   Lagged_CKA       raw     8 12.283202  8.072646 10.733315 -18.949252 0.430952
Soft_DTW_g1.0       raw     8 11.657583  6.946430  8.605938 -11.950028 0.404274
 Mean_Pooling  whitened     8 12.636728  8.403113 10.813421 -16.758254 0.350623
   Lagged_CKA  whitened     8 11.665635  7.505065  9.615232 -13.862372 0.365000
Soft_DTW_g1.0  whitened     8 12.043308  7.539154  9.772579 -14.792414 0.432051
 Mean_Pooling       raw    10 11.463303  7.024767  8.986690 -12.746734 0.326667
   Lagged_CKA       raw    10 20.052333 16.281758 23.156566 -97.494701 0.320233
Soft_DTW_g1.0       raw    10 17.938816 14.823220 20.822621 -68.304927 0.415385
 Mean_Pooling  whitened    10 12.636728  8.403113 10.813421 -16.758254 0.355385
   Lagged_CKA  whitened    10 12.083167  8.238032 10.936600 -16.279569 0.422051
Soft_DTW_g1.0  whitened    10 12.043308  7.539154  9.772579 -14.792414 0.432051
