------------------------------------
Sat 23 May 2026 20:29:54 IDT
SLURM_JOBID:		17778900
SLURM_JOB_NODELIST:	ise-6000p-02
SLURM_SCRATCH_DIR:	/scratch/yaelsn/17778900
Allocated Resouces:	cpu - 6 / mem - 61440 MB / gpu - 0
SLURM_GPU_INDEX:	0
Running as yaelsn from puzis account with normal QOS
------------------------------------
[Module 0] GPU: NVIDIA RTX PRO 6000 Blackwell Max-Q Workstation Edition
  saved outputs/EXP_metr_la_lag_1h_20260523_203007/used_config.yaml
[Module 0] Output directory: outputs/EXP_metr_la_lag_1h_20260523_203007

[Module 1] Loading METR-LA …
  Target sensor : 773869
  proxy_relevant df cols : [145, 142, 37, 54, 116]
  distractor     df cols : [203, 155, 18, 131, 87, 201, 144, 20, 43, 174]
  Windows created: 1000

[Module 2] Loading amazon/chronos-2 …
[ChronosEmbeddingExtractor] loaded amazon/chronos-2 on cuda, 12 layers, hooks on [6, 8, 10]
  Extracting target embeddings (layer 6) …
