Traceback (most recent call last):
  File "/home/yaelsn/.conda/envs/yael_env/lib/python3.10/site-packages/transformers/utils/import_utils.py", line 2317, in __getattr__
    module = self._get_module(self._class_to_module[name])
  File "/home/yaelsn/.conda/envs/yael_env/lib/python3.10/site-packages/transformers/utils/import_utils.py", line 2347, in _get_module
    raise e
  File "/home/yaelsn/.conda/envs/yael_env/lib/python3.10/site-packages/transformers/utils/import_utils.py", line 2345, in _get_module
    return importlib.import_module("." + module_name, self.__name__)
  File "/home/yaelsn/.conda/envs/yael_env/lib/python3.10/importlib/__init__.py", line 126, in import_module
    return _bootstrap._gcd_import(name[level:], package, level)
  File "<frozen importlib._bootstrap>", line 1050, in _gcd_import
  File "<frozen importlib._bootstrap>", line 1027, in _find_and_load
  File "<frozen importlib._bootstrap>", line 1006, in _find_and_load_unlocked
  File "<frozen importlib._bootstrap>", line 688, in _load_unlocked
  File "<frozen importlib._bootstrap_external>", line 883, in exec_module
  File "<frozen importlib._bootstrap>", line 241, in _call_with_frames_removed
  File "/home/yaelsn/.conda/envs/yael_env/lib/python3.10/site-packages/transformers/modeling_utils.py", line 70, in <module>
    from .loss.loss_utils import LOSS_MAPPING
  File "/home/yaelsn/.conda/envs/yael_env/lib/python3.10/site-packages/transformers/loss/loss_utils.py", line 21, in <module>
    from .loss_d_fine import DFineForObjectDetectionLoss
  File "/home/yaelsn/.conda/envs/yael_env/lib/python3.10/site-packages/transformers/loss/loss_d_fine.py", line 21, in <module>
    from .loss_for_object_detection import (
  File "/home/yaelsn/.conda/envs/yael_env/lib/python3.10/site-packages/transformers/loss/loss_for_object_detection.py", line 32, in <module>
    from transformers.image_transforms import center_to_corners_format
  File "/home/yaelsn/.conda/envs/yael_env/lib/python3.10/site-packages/transformers/image_transforms.py", line 22, in <module>
    from .image_utils import (
  File "/home/yaelsn/.conda/envs/yael_env/lib/python3.10/site-packages/transformers/image_utils.py", line 55, in <module>
    from torchvision.transforms import InterpolationMode
  File "/home/yaelsn/.conda/envs/yael_env/lib/python3.10/site-packages/torchvision/__init__.py", line 10, in <module>
    from torchvision import _meta_registrations, datasets, io, models, ops, transforms, utils  # usort:skip
  File "/home/yaelsn/.conda/envs/yael_env/lib/python3.10/site-packages/torchvision/_meta_registrations.py", line 164, in <module>
    def meta_nms(dets, scores, iou_threshold):
  File "/home/yaelsn/.conda/envs/yael_env/lib/python3.10/site-packages/torch/library.py", line 1085, in register
    use_lib._register_fake(
  File "/home/yaelsn/.conda/envs/yael_env/lib/python3.10/site-packages/torch/library.py", line 202, in _register_fake
    handle = entry.fake_impl.register(
  File "/home/yaelsn/.conda/envs/yael_env/lib/python3.10/site-packages/torch/_library/fake_impl.py", line 50, in register
    if torch._C._dispatch_has_kernel_for_dispatch_key(self.qualname, "Meta"):
RuntimeError: operator torchvision::nms does not exist

The above exception was the direct cause of the following exception:

Traceback (most recent call last):
  File "/home/yaelsn/Thesis/tsfm_feature_selection_framework/run_experiment.py", line 305, in <module>
    main(args.config)
  File "/home/yaelsn/Thesis/tsfm_feature_selection_framework/run_experiment.py", line 173, in main
    extractor.load()
  File "/home/yaelsn/Thesis/tsfm_feature_selection_framework/src/extraction/chronos_hooks.py", line 65, in load
    from chronos import BaseChronosPipeline
  File "/home/yaelsn/.conda/envs/yael_env/lib/python3.10/site-packages/chronos/__init__.py", line 6, in <module>
    from .chronos import (
  File "/home/yaelsn/.conda/envs/yael_env/lib/python3.10/site-packages/chronos/chronos.py", line 12, in <module>
    from transformers import (
  File "/home/yaelsn/.conda/envs/yael_env/lib/python3.10/site-packages/transformers/utils/import_utils.py", line 2320, in __getattr__
    raise ModuleNotFoundError(
ModuleNotFoundError: Could not import module 'PreTrainedModel'. Are this object's requirements defined correctly?
